Using pre-set license
Built from '2020.3/staging' branch; Version is '2020.3.24f1 (79c78de19888) revision 7980941'; Using compiler version '192528614'; Build Type 'Release'
OS: 'Windows 10  (10.0.19041) 64bit Professional' Language: 'ko' Physical Memory: 16266 MB
BatchMode: 1, IsHumanControllingUs: 0, StartBugReporterOnCrash: 0, Is64bit: 1, IsPro: 0

COMMAND LINE ARGUMENTS:
C:\Program Files\Unity\Hub\Editor\2020.3.24f1\Editor\Unity.exe
-adb2
-batchMode
-noUpm
-name
AssetImportWorker0
-projectPath
D:/unity/Github/Spine-/Spine_Unity
-logFile
Logs/AssetImportWorker0.log
-srvPort
50322
Successfully changed project path to: D:/unity/Github/Spine-/Spine_Unity
D:/unity/Github/Spine-/Spine_Unity
Using Asset Import Pipeline V2.
Refreshing native plugins compatible for Editor in 64.41 ms, found 3 plugins.
Preloading 0 native plugins for Editor in 0.00 ms.
Initialize engine version: 2020.3.24f1 (79c78de19888)
[Subsystems] Discovering subsystems at path C:/Program Files/Unity/Hub/Editor/2020.3.24f1/Editor/Data/Resources/UnitySubsystems
[Subsystems] Discovering subsystems at path D:/unity/Github/Spine-/Spine_Unity/Assets
GfxDevice: creating device client; threaded=0
Direct3D:
    Version:  Direct3D 11.0 [level 11.1]
    Renderer: NVIDIA GeForce GTX 1060 3GB (ID=0x1b84)
    Vendor:   
    VRAM:     2988 MB
    Driver:   27.21.14.5671
Initialize mono
Mono path[0] = 'C:/Program Files/Unity/Hub/Editor/2020.3.24f1/Editor/Data/Managed'
Mono path[1] = 'C:/Program Files/Unity/Hub/Editor/2020.3.24f1/Editor/Data/MonoBleedingEdge/lib/mono/unityjit'
Mono config path = 'C:/Program Files/Unity/Hub/Editor/2020.3.24f1/Editor/Data/MonoBleedingEdge/etc'
Using monoOptions --debugger-agent=transport=dt_socket,embedding=1,server=y,suspend=n,address=127.0.0.1:56576
Begin MonoManager ReloadAssembly
Registering precompiled unity dll's ...
Register platform support module: C:/Program Files/Unity/Hub/Editor/2020.3.24f1/Editor/Data/PlaybackEngines/WebGLSupport/UnityEditor.WebGL.Extensions.dll
Register platform support module: C:/Program Files/Unity/Hub/Editor/2020.3.24f1/Editor/Data/PlaybackEngines/WindowsStandaloneSupport/UnityEditor.WindowsStandalone.Extensions.dll
Registered in 0.003961 seconds.
Native extension for WindowsStandalone target not found
Native extension for WebGL target not found
Refreshing native plugins compatible for Editor in 59.33 ms, found 3 plugins.
Preloading 0 native plugins for Editor in 0.00 ms.
Mono: successfully reloaded assembly
- Completed reload, in  0.711 seconds
Domain Reload Profiling:
	ReloadAssembly (711ms)
		BeginReloadAssembly (64ms)
			ExecutionOrderSort (0ms)
			DisableScriptedObjects (0ms)
			BackupInstance (0ms)
			ReleaseScriptingObjects (0ms)
			CreateAndSetChildDomain (1ms)
		EndReloadAssembly (557ms)
			LoadAssemblies (62ms)
			RebuildTransferFunctionScriptingTraits (0ms)
			SetupTypeCache (189ms)
			ReleaseScriptCaches (0ms)
			RebuildScriptCaches (33ms)
			SetupLoadedEditorAssemblies (203ms)
				LogAssemblyErrors (0ms)
				InitializePlatformSupportModulesInManaged (6ms)
				SetLoadedEditorAssemblies (0ms)
				RefreshPlugins (59ms)
				BeforeProcessingInitializeOnLoad (20ms)
				ProcessInitializeOnLoadAttributes (88ms)
				ProcessInitializeOnLoadMethodAttributes (30ms)
				AfterProcessingInitializeOnLoad (0ms)
				EditorAssembliesLoaded (0ms)
			ExecutionOrderSort2 (0ms)
			AwakeInstancesAfterBackupRestoration (0ms)
Platform modules already initialized, skipping
Registering precompiled user dll's ...
Registered in 0.005953 seconds.
Begin MonoManager ReloadAssembly
Native extension for WindowsStandalone target not found
Native extension for WebGL target not found
Refreshing native plugins compatible for Editor in 58.05 ms, found 3 plugins.
Preloading 0 native plugins for Editor in 0.00 ms.
Mono: successfully reloaded assembly
- Completed reload, in  1.403 seconds
Domain Reload Profiling:
	ReloadAssembly (1405ms)
		BeginReloadAssembly (183ms)
			ExecutionOrderSort (0ms)
			DisableScriptedObjects (7ms)
			BackupInstance (0ms)
			ReleaseScriptingObjects (0ms)
			CreateAndSetChildDomain (20ms)
		EndReloadAssembly (1145ms)
			LoadAssemblies (113ms)
			RebuildTransferFunctionScriptingTraits (0ms)
			SetupTypeCache (421ms)
			ReleaseScriptCaches (1ms)
			RebuildScriptCaches (62ms)
			SetupLoadedEditorAssemblies (400ms)
				LogAssemblyErrors (0ms)
				InitializePlatformSupportModulesInManaged (5ms)
				SetLoadedEditorAssemblies (0ms)
				RefreshPlugins (58ms)
				BeforeProcessingInitializeOnLoad (95ms)
				ProcessInitializeOnLoadAttributes (213ms)
				ProcessInitializeOnLoadMethodAttributes (20ms)
				AfterProcessingInitializeOnLoad (9ms)
				EditorAssembliesLoaded (0ms)
			ExecutionOrderSort2 (0ms)
			AwakeInstancesAfterBackupRestoration (8ms)
Platform modules already initialized, skipping
========================================================================
Worker process is ready to serve import requests
Launched and connected shader compiler UnityShaderCompiler.exe after 0.08 seconds
Refreshing native plugins compatible for Editor in 0.74 ms, found 3 plugins.
Preloading 0 native plugins for Editor in 0.00 ms.
Unloading 2447 Unused Serialized files (Serialized files now loaded: 0)
System memory in use before: 114.5 MB.
System memory in use after: 113.3 MB.

Unloading 43 unused Assets to reduce memory usage. Loaded Objects now: 2866.
Total: 4.198200 ms (FindLiveObjects: 0.262800 ms CreateObjectMapping: 0.142400 ms MarkObjects: 2.880100 ms  DeleteObjects: 0.911600 ms)

AssetImportParameters requested are different than current active one (requested -> active):
  custom:framework-win-MediaFoundation: 216162199b28c13a410421893ffa2e32 -> 
  custom:video-decoder-ogg-theora: a1e56fd34408186e4bbccfd4996cb3dc -> 
  custom:container-muxer-webm: aa71ff27fc2769a1b78a27578f13a17b -> 
  custom:container-demuxer-webm: 4f35f7cbe854078d1ac9338744f61a02 -> 
  custom:container-demuxer-ogg: 62fdf1f143b41e24485cea50d1cbac27 -> 
  custom:video-encoder-webm-vp8: eb34c28f22e8b96e1ab97ce403110664 -> 
  custom:video-decoder-webm-vp8: 9c59270c3fd7afecdb556c50c9e8de78 -> 
  custom:audio-decoder-ogg-vorbis: bf7c407c2cedff20999df2af8eb42d56 -> 
  custom:audio-encoder-webm-vorbis: bf7c407c2cedff20999df2af8eb42d56 -> 
========================================================================
Received Import Request.
  path: Assets/SpineSamples/ex
  artifactKey: Guid(93438d06cee4df44fa85d91683f02117) Importer(815301076,1909f56bfc062723c751e8b465ee728b)
Start importing Assets/SpineSamples/ex using Guid(93438d06cee4df44fa85d91683f02117) Importer(815301076,1909f56bfc062723c751e8b465ee728b)  -> (artifact id: '5a0a383068f9fd04ef0fa21d5458ea20') in 0.008886 seconds 
  Import took 0.013805 seconds .

========================================================================
Received Import Request.
  Time since last request: 7.658979 seconds.
  path: Assets/SpineSamples/ex/백다영_SD_분철 네이밍_SkeletonData.asset
  artifactKey: Guid(33f6ac993567b9e48b267edc33943a6b) Importer(815301076,1909f56bfc062723c751e8b465ee728b)
Start importing Assets/SpineSamples/ex/백다영_SD_분철 네이밍_SkeletonData.asset using Guid(33f6ac993567b9e48b267edc33943a6b) Importer(815301076,1909f56bfc062723c751e8b465ee728b) Error reading skeleton JSON file for SkeletonData asset: 백다영_SD_분철 네이밍_SkeletonData
Unsupported skeleton data, please export with a newer version of Spine.
  at Spine.SkeletonJson.ReadSkeletonData (System.IO.TextReader reader) [0x0122f] in D:\unity\Github\Spine_Unity\Assets\Spine\Runtime\spine-csharp\SkeletonJson.cs:372 
  at Spine.Unity.SkeletonDataAsset.ReadSkeletonData (System.String text, Spine.AttachmentLoader attachmentLoader, System.Single scale) [0x00014] in D:\unity\Github\Spine_Unity\Assets\Spine\Runtime\spine-unity\Asset Types\SkeletonDataAsset.cs:258 
  at Spine.Unity.SkeletonDataAsset.GetSkeletonData (System.Boolean quiet) [0x0009d] in D:\unity\Github\Spine_Unity\Assets\Spine\Runtime\spine-unity\Asset Types\SkeletonDataAsset.cs:173 
UnityEngine.StackTraceUtility:ExtractStackTrace ()
UnityEngine.DebugLogHandler:LogFormat (UnityEngine.LogType,UnityEngine.Object,string,object[])
UnityEngine.Logger:Log (UnityEngine.LogType,object,UnityEngine.Object)
UnityEngine.Debug:LogError (object,UnityEngine.Object)
Spine.Unity.SkeletonDataAsset:GetSkeletonData (bool) (at D:/unity/Github/Spine_Unity/Assets/Spine/Runtime/spine-unity/Asset Types/SkeletonDataAsset.cs:176)
Spine.Unity.Editor.SkeletonDataAssetInspector:InitializeEditor () (at D:/unity/Github/Spine_Unity/Assets/Spine/Editor/spine-unity/Editor/Asset Types/SkeletonDataAssetInspector.cs:147)
Spine.Unity.Editor.SkeletonDataAssetInspector:OnEnable () (at D:/unity/Github/Spine_Unity/Assets/Spine/Editor/spine-unity/Editor/Asset Types/SkeletonDataAssetInspector.cs:84)
UnityEditor.Editor:CreateEditorWithContext (UnityEngine.Object[],UnityEngine.Object,System.Type)
UnityEditor.Editor:CreateEditor (UnityEngine.Object,System.Type)
UnityEditor.Editor:CreateEditor (UnityEngine.Object)
UnityEditor.AssetPreviewUpdater:CreatePreviewForAsset (UnityEngine.Object,UnityEngine.Object[],string)

(Filename: D:/unity/Github/Spine_Unity/Assets/Spine/Runtime/spine-unity/Asset Types/SkeletonDataAsset.cs Line: 176)

 -> (artifact id: 'cef884ecd72e04a51eb7165e935a20ab') in 0.272213 seconds 
  Import took 0.279269 seconds .

========================================================================
Received Import Request.
  Time since last request: 60.762023 seconds.
  path: Assets/Scripts/AlienAnimController.cs
  artifactKey: Guid(4c40fbebfed92aa43bd19f7f7b4707d8) Importer(815301076,1909f56bfc062723c751e8b465ee728b)
Start importing Assets/Scripts/AlienAnimController.cs using Guid(4c40fbebfed92aa43bd19f7f7b4707d8) Importer(815301076,1909f56bfc062723c751e8b465ee728b)  -> (artifact id: 'f5110e3f3e2429fec24a5db8bb9de2a6') in 0.009924 seconds 
  Import took 0.014735 seconds .

========================================================================
Received Import Request.
  Time since last request: 29.779913 seconds.
  path: Assets/Scripts/AlienAnimController.cs
  artifactKey: Guid(4c40fbebfed92aa43bd19f7f7b4707d8) Importer(815301076,1909f56bfc062723c751e8b465ee728b)
Start importing Assets/Scripts/AlienAnimController.cs using Guid(4c40fbebfed92aa43bd19f7f7b4707d8) Importer(815301076,1909f56bfc062723c751e8b465ee728b)  -> (artifact id: '0c1427b86177e0c66c500afc6bb7f2a5') in 0.003961 seconds 
  Import took 0.009993 seconds .

========================================================================
Received Prepare
Registering precompiled user dll's ...
Registered in 0.004675 seconds.
Begin MonoManager ReloadAssembly
Native extension for WindowsStandalone target not found
Native extension for WebGL target not found
Refreshing native plugins compatible for Editor in 0.54 ms, found 3 plugins.
Preloading 0 native plugins for Editor in 0.00 ms.
Mono: successfully reloaded assembly
- Completed reload, in  1.199 seconds
Domain Reload Profiling:
	ReloadAssembly (1199ms)
		BeginReloadAssembly (134ms)
			ExecutionOrderSort (0ms)
			DisableScriptedObjects (7ms)
			BackupInstance (0ms)
			ReleaseScriptingObjects (0ms)
			CreateAndSetChildDomain (42ms)
		EndReloadAssembly (975ms)
			LoadAssemblies (107ms)
			RebuildTransferFunctionScriptingTraits (0ms)
			SetupTypeCache (373ms)
			ReleaseScriptCaches (1ms)
			RebuildScriptCaches (57ms)
			SetupLoadedEditorAssemblies (330ms)
				LogAssemblyErrors (0ms)
				InitializePlatformSupportModulesInManaged (6ms)
				SetLoadedEditorAssemblies (1ms)
				RefreshPlugins (1ms)
				BeforeProcessingInitializeOnLoad (91ms)
				ProcessInitializeOnLoadAttributes (212ms)
				ProcessInitializeOnLoadMethodAttributes (11ms)
				AfterProcessingInitializeOnLoad (9ms)
				EditorAssembliesLoaded (0ms)
			ExecutionOrderSort2 (0ms)
			AwakeInstancesAfterBackupRestoration (9ms)
Platform modules already initialized, skipping
Refreshing native plugins compatible for Editor in 0.56 ms, found 3 plugins.
Preloading 0 native plugins for Editor in 0.00 ms.
Unloading 2413 Unused Serialized files (Serialized files now loaded: 0)
System memory in use before: 114.9 MB.
System memory in use after: 113.6 MB.

Unloading 32 unused Assets to reduce memory usage. Loaded Objects now: 2870.
Total: 3.936800 ms (FindLiveObjects: 0.251700 ms CreateObjectMapping: 0.130600 ms MarkObjects: 2.653900 ms  DeleteObjects: 0.899100 ms)

AssetImportParameters requested are different than current active one (requested -> active):
  custom:framework-win-MediaFoundation: 216162199b28c13a410421893ffa2e32 -> 
  custom:video-decoder-ogg-theora: a1e56fd34408186e4bbccfd4996cb3dc -> 
  custom:container-muxer-webm: aa71ff27fc2769a1b78a27578f13a17b -> 
  custom:container-demuxer-webm: 4f35f7cbe854078d1ac9338744f61a02 -> 
  custom:container-demuxer-ogg: 62fdf1f143b41e24485cea50d1cbac27 -> 
  custom:video-encoder-webm-vp8: eb34c28f22e8b96e1ab97ce403110664 -> 
  custom:video-decoder-webm-vp8: 9c59270c3fd7afecdb556c50c9e8de78 -> 
  custom:audio-decoder-ogg-vorbis: bf7c407c2cedff20999df2af8eb42d56 -> 
  custom:audio-encoder-webm-vorbis: bf7c407c2cedff20999df2af8eb42d56 -> 
========================================================================
Received Import Request.
  Time since last request: 450.993655 seconds.
  path: Assets/SpineSamples/ex/SD2_SkeletonData.asset
  artifactKey: Guid(4f9cd84c006340d4fa95ce85dd7f108c) Importer(815301076,1909f56bfc062723c751e8b465ee728b)
Start importing Assets/SpineSamples/ex/SD2_SkeletonData.asset using Guid(4f9cd84c006340d4fa95ce85dd7f108c) Importer(815301076,1909f56bfc062723c751e8b465ee728b) Material is missing texture: SD2_백다영_SD_분철 네이밍
UnityEngine.StackTraceUtility:ExtractStackTrace ()
UnityEngine.DebugLogHandler:LogFormat (UnityEngine.LogType,UnityEngine.Object,string,object[])
UnityEngine.Logger:Log (UnityEngine.LogType,object,UnityEngine.Object)
UnityEngine.Debug:LogError (object,UnityEngine.Object)
Spine.Unity.MaterialsTextureLoader:Load (Spine.AtlasPage,string) (at D:/unity/Github/Spine_Unity/Assets/Spine/Runtime/spine-unity/Asset Types/SpineAtlasAsset.cs:222)
Spine.Atlas:Load (System.IO.TextReader,string,Spine.TextureLoader) (at D:/unity/Github/Spine_Unity/Assets/Spine/Runtime/spine-csharp/Atlas.cs:150)
Spine.Atlas:.ctor (System.IO.TextReader,string,Spine.TextureLoader) (at D:/unity/Github/Spine_Unity/Assets/Spine/Runtime/spine-csharp/Atlas.cs:105)
Spine.Unity.SpineAtlasAsset:GetAtlas () (at D:/unity/Github/Spine_Unity/Assets/Spine/Runtime/spine-unity/Asset Types/SpineAtlasAsset.cs:142)
Spine.Unity.Editor.SkeletonDataAssetInspector:PopulateWarnings () (at D:/unity/Github/Spine_Unity/Assets/Spine/Editor/spine-unity/Editor/Asset Types/SkeletonDataAssetInspector.cs:655)
Spine.Unity.Editor.SkeletonDataAssetInspector:InitializeEditor () (at D:/unity/Github/Spine_Unity/Assets/Spine/Editor/spine-unity/Editor/Asset Types/SkeletonDataAssetInspector.cs:141)
Spine.Unity.Editor.SkeletonDataAssetInspector:OnEnable () (at D:/unity/Github/Spine_Unity/Assets/Spine/Editor/spine-unity/Editor/Asset Types/SkeletonDataAssetInspector.cs:84)
UnityEditor.Editor:CreateEditorWithContext (UnityEngine.Object[],UnityEngine.Object,System.Type)
UnityEditor.Editor:CreateEditor (UnityEngine.Object,System.Type)
UnityEditor.Editor:CreateEditor (UnityEngine.Object)
UnityEditor.AssetPreviewUpdater:CreatePreviewForAsset (UnityEngine.Object,UnityEngine.Object[],string)

(Filename: D:/unity/Github/Spine_Unity/Assets/Spine/Runtime/spine-unity/Asset Types/SpineAtlasAsset.cs Line: 222)

Error reading skeleton JSON file for SkeletonData asset: SD2_SkeletonData
Unsupported skeleton data, please export with a newer version of Spine.
  at Spine.SkeletonJson.ReadSkeletonData (System.IO.TextReader reader) [0x0122f] in D:\unity\Github\Spine_Unity\Assets\Spine\Runtime\spine-csharp\SkeletonJson.cs:372 
  at Spine.Unity.SkeletonDataAsset.ReadSkeletonData (System.String text, Spine.AttachmentLoader attachmentLoader, System.Single scale) [0x00014] in D:\unity\Github\Spine_Unity\Assets\Spine\Runtime\spine-unity\Asset Types\SkeletonDataAsset.cs:258 
  at Spine.Unity.SkeletonDataAsset.GetSkeletonData (System.Boolean quiet) [0x0009d] in D:\unity\Github\Spine_Unity\Assets\Spine\Runtime\spine-unity\Asset Types\SkeletonDataAsset.cs:173 
UnityEngine.StackTraceUtility:ExtractStackTrace ()
UnityEngine.DebugLogHandler:LogFormat (UnityEngine.LogType,UnityEngine.Object,string,object[])
UnityEngine.Logger:Log (UnityEngine.LogType,object,UnityEngine.Object)
UnityEngine.Debug:LogError (object,UnityEngine.Object)
Spine.Unity.SkeletonDataAsset:GetSkeletonData (bool) (at D:/unity/Github/Spine_Unity/Assets/Spine/Runtime/spine-unity/Asset Types/SkeletonDataAsset.cs:176)
Spine.Unity.Editor.SkeletonDataAssetInspector:InitializeEditor () (at D:/unity/Github/Spine_Unity/Assets/Spine/Editor/spine-unity/Editor/Asset Types/SkeletonDataAssetInspector.cs:147)
Spine.Unity.Editor.SkeletonDataAssetInspector:OnEnable () (at D:/unity/Github/Spine_Unity/Assets/Spine/Editor/spine-unity/Editor/Asset Types/SkeletonDataAssetInspector.cs:84)
UnityEditor.Editor:CreateEditorWithContext (UnityEngine.Object[],UnityEngine.Object,System.Type)
UnityEditor.Editor:CreateEditor (UnityEngine.Object,System.Type)
UnityEditor.Editor:CreateEditor (UnityEngine.Object)
UnityEditor.AssetPreviewUpdater:CreatePreviewForAsset (UnityEngine.Object,UnityEngine.Object[],string)

(Filename: D:/unity/Github/Spine_Unity/Assets/Spine/Runtime/spine-unity/Asset Types/SkeletonDataAsset.cs Line: 176)

 -> (artifact id: '22fddccb37583d9b33a3dacbb1e02690') in 0.187114 seconds 
  Import took 0.197535 seconds .

========================================================================
Received Import Request.
  Time since last request: 24.175468 seconds.
  path: Assets/SpineSamples/ex/SD2.png
  artifactKey: Guid(8253750fadc162d47be93ca276a64106) Importer(815301076,1909f56bfc062723c751e8b465ee728b)
Start importing Assets/SpineSamples/ex/SD2.png using Guid(8253750fadc162d47be93ca276a64106) Importer(815301076,1909f56bfc062723c751e8b465ee728b)  -> (artifact id: '114fc5e5aa6cd9307a940d3a12817e78') in 0.121675 seconds 
  Import took 0.126326 seconds .

========================================================================
Received Import Request.
  Time since last request: 54.621696 seconds.
  path: Assets/SpineSamples/ex/SD2_Atlas.asset
  artifactKey: Guid(914b28cff0fdb1f4cba39b295a40a4c0) Importer(815301076,1909f56bfc062723c751e8b465ee728b)
Start importing Assets/SpineSamples/ex/SD2_Atlas.asset using Guid(914b28cff0fdb1f4cba39b295a40a4c0) Importer(815301076,1909f56bfc062723c751e8b465ee728b)  -> (artifact id: '6dbf1dd8fc74f77c6613cd8d39d8210a') in 0.008597 seconds 
  Import took 0.015165 seconds .

========================================================================
Received Import Request.
  Time since last request: 432.527712 seconds.
  path: Assets/SpineSamples/SD2.png
  artifactKey: Guid(fa4b30fe5b202094faeae09ef84cc923) Importer(815301076,1909f56bfc062723c751e8b465ee728b)
Start importing Assets/SpineSamples/SD2.png using Guid(fa4b30fe5b202094faeae09ef84cc923) Importer(815301076,1909f56bfc062723c751e8b465ee728b)  -> (artifact id: 'b98fb6a1e56f4c58cb62f2be69e647ee') in 0.018676 seconds 
  Import took 0.023499 seconds .

========================================================================
Received Import Request.
  Time since last request: 46.477004 seconds.
  path: Assets/SpineSamples/New SkeletonDataAsset.asset
  artifactKey: Guid(459e88f5f2e4eda439007ae23a80f3bf) Importer(815301076,1909f56bfc062723c751e8b465ee728b)
Start importing Assets/SpineSamples/New SkeletonDataAsset.asset using Guid(459e88f5f2e4eda439007ae23a80f3bf) Importer(815301076,1909f56bfc062723c751e8b465ee728b)  -> (artifact id: '8b2d602163b44664b47f85a49ff36c36') in 0.009023 seconds 
  Import took 0.013701 seconds .

========================================================================
Received Import Request.
  Time since last request: 14.329569 seconds.
  path: Assets/SpineSamples/SD2_SkeletonData.asset
  artifactKey: Guid(887ee97d88deecd4582966d889c6afef) Importer(815301076,1909f56bfc062723c751e8b465ee728b)
Start importing Assets/SpineSamples/SD2_SkeletonData.asset using Guid(887ee97d88deecd4582966d889c6afef) Importer(815301076,1909f56bfc062723c751e8b465ee728b) Material is missing texture: SD2_백다영_SD_분철 네이밍
UnityEngine.StackTraceUtility:ExtractStackTrace ()
UnityEngine.DebugLogHandler:LogFormat (UnityEngine.LogType,UnityEngine.Object,string,object[])
UnityEngine.Logger:Log (UnityEngine.LogType,object,UnityEngine.Object)
UnityEngine.Debug:LogError (object,UnityEngine.Object)
Spine.Unity.MaterialsTextureLoader:Load (Spine.AtlasPage,string) (at D:/unity/Github/Spine_Unity/Assets/Spine/Runtime/spine-unity/Asset Types/SpineAtlasAsset.cs:222)
Spine.Atlas:Load (System.IO.TextReader,string,Spine.TextureLoader) (at D:/unity/Github/Spine_Unity/Assets/Spine/Runtime/spine-csharp/Atlas.cs:150)
Spine.Atlas:.ctor (System.IO.TextReader,string,Spine.TextureLoader) (at D:/unity/Github/Spine_Unity/Assets/Spine/Runtime/spine-csharp/Atlas.cs:105)
Spine.Unity.SpineAtlasAsset:GetAtlas () (at D:/unity/Github/Spine_Unity/Assets/Spine/Runtime/spine-unity/Asset Types/SpineAtlasAsset.cs:142)
Spine.Unity.Editor.SkeletonDataAssetInspector:PopulateWarnings () (at D:/unity/Github/Spine_Unity/Assets/Spine/Editor/spine-unity/Editor/Asset Types/SkeletonDataAssetInspector.cs:655)
Spine.Unity.Editor.SkeletonDataAssetInspector:InitializeEditor () (at D:/unity/Github/Spine_Unity/Assets/Spine/Editor/spine-unity/Editor/Asset Types/SkeletonDataAssetInspector.cs:141)
Spine.Unity.Editor.SkeletonDataAssetInspector:OnEnable () (at D:/unity/Github/Spine_Unity/Assets/Spine/Editor/spine-unity/Editor/Asset Types/SkeletonDataAssetInspector.cs:84)
UnityEditor.Editor:CreateEditorWithContext (UnityEngine.Object[],UnityEngine.Object,System.Type)
UnityEditor.Editor:CreateEditor (UnityEngine.Object,System.Type)
UnityEditor.Editor:CreateEditor (UnityEngine.Object)
UnityEditor.AssetPreviewUpdater:CreatePreviewForAsset (UnityEngine.Object,UnityEngine.Object[],string)

(Filename: D:/unity/Github/Spine_Unity/Assets/Spine/Runtime/spine-unity/Asset Types/SpineAtlasAsset.cs Line: 222)

Error reading skeleton JSON file for SkeletonData asset: SD2_SkeletonData
Unsupported skeleton data, please export with a newer version of Spine.
  at Spine.SkeletonJson.ReadSkeletonData (System.IO.TextReader reader) [0x0122f] in D:\unity\Github\Spine_Unity\Assets\Spine\Runtime\spine-csharp\SkeletonJson.cs:372 
  at Spine.Unity.SkeletonDataAsset.ReadSkeletonData (System.String text, Spine.AttachmentLoader attachmentLoader, System.Single scale) [0x00014] in D:\unity\Github\Spine_Unity\Assets\Spine\Runtime\spine-unity\Asset Types\SkeletonDataAsset.cs:258 
  at Spine.Unity.SkeletonDataAsset.GetSkeletonData (System.Boolean quiet) [0x0009d] in D:\unity\Github\Spine_Unity\Assets\Spine\Runtime\spine-unity\Asset Types\SkeletonDataAsset.cs:173 
UnityEngine.StackTraceUtility:ExtractStackTrace ()
UnityEngine.DebugLogHandler:LogFormat (UnityEngine.LogType,UnityEngine.Object,string,object[])
UnityEngine.Logger:Log (UnityEngine.LogType,object,UnityEngine.Object)
UnityEngine.Debug:LogError (object,UnityEngine.Object)
Spine.Unity.SkeletonDataAsset:GetSkeletonData (bool) (at D:/unity/Github/Spine_Unity/Assets/Spine/Runtime/spine-unity/Asset Types/SkeletonDataAsset.cs:176)
Spine.Unity.Editor.SkeletonDataAssetInspector:InitializeEditor () (at D:/unity/Github/Spine_Unity/Assets/Spine/Editor/spine-unity/Editor/Asset Types/SkeletonDataAssetInspector.cs:147)
Spine.Unity.Editor.SkeletonDataAssetInspector:OnEnable () (at D:/unity/Github/Spine_Unity/Assets/Spine/Editor/spine-unity/Editor/Asset Types/SkeletonDataAssetInspector.cs:84)
UnityEditor.Editor:CreateEditorWithContext (UnityEngine.Object[],UnityEngine.Object,System.Type)
UnityEditor.Editor:CreateEditor (UnityEngine.Object,System.Type)
UnityEditor.Editor:CreateEditor (UnityEngine.Object)
UnityEditor.AssetPreviewUpdater:CreatePreviewForAsset (UnityEngine.Object,UnityEngine.Object[],string)

(Filename: D:/unity/Github/Spine_Unity/Assets/Spine/Runtime/spine-unity/Asset Types/SkeletonDataAsset.cs Line: 176)

 -> (artifact id: '522a5861b3865886e8e1ee5a94ed2871') in 0.022560 seconds 
  Import took 0.027022 seconds .

========================================================================
Received Import Request.
  Time since last request: 41.439777 seconds.
  path: Assets/SpineSamples/SD2.atlas.txt
  artifactKey: Guid(916ada7623a4098459875e802ffbbe59) Importer(815301076,1909f56bfc062723c751e8b465ee728b)
Start importing Assets/SpineSamples/SD2.atlas.txt using Guid(916ada7623a4098459875e802ffbbe59) Importer(815301076,1909f56bfc062723c751e8b465ee728b)  -> (artifact id: '9ae4e79c5e4ab0febb19b11c7dca0da1') in 0.012500 seconds 
  Import took 0.017187 seconds .

========================================================================
Received Import Request.
  Time since last request: 40.206391 seconds.
  path: Assets/SpineSamples/SD2_Atlas.asset
  artifactKey: Guid(d6bcc3d7a1eb42942beaeb53f43c22f5) Importer(815301076,1909f56bfc062723c751e8b465ee728b)
Start importing Assets/SpineSamples/SD2_Atlas.asset using Guid(d6bcc3d7a1eb42942beaeb53f43c22f5) Importer(815301076,1909f56bfc062723c751e8b465ee728b)  -> (artifact id: '27b9dfe5fff00f644af05af6244c345d') in 0.005647 seconds 
  Import took 0.010873 seconds .

========================================================================
Received Import Request.
  Time since last request: 0.009302 seconds.
  path: Assets/SpineSamples/SD2_백다영_SD_분철 네이밍.mat
  artifactKey: Guid(a0a038ac702becb45947250dda08ede6) Importer(815301076,1909f56bfc062723c751e8b465ee728b)
Start importing Assets/SpineSamples/SD2_백다영_SD_분철 네이밍.mat using Guid(a0a038ac702becb45947250dda08ede6) Importer(815301076,1909f56bfc062723c751e8b465ee728b)  -> (artifact id: 'e4caa09f4525b467307273e5e6db22b9') in 0.073637 seconds 
  Import took 0.078592 seconds .

========================================================================
Received Import Request.
  Time since last request: 55.190266 seconds.
  path: Assets/SpineSamples/goblins/goblins-pro.png
  artifactKey: Guid(20206a5a130c906428b4e28cd943d2e3) Importer(815301076,1909f56bfc062723c751e8b465ee728b)
Start importing Assets/SpineSamples/goblins/goblins-pro.png using Guid(20206a5a130c906428b4e28cd943d2e3) Importer(815301076,1909f56bfc062723c751e8b465ee728b)  -> (artifact id: '645e7cc3781724e4fa3ad76c98648c0c') in 0.017906 seconds 
  Import took 0.022569 seconds .

========================================================================
Received Import Request.
  Time since last request: 0.000197 seconds.
  path: Assets/SpineSamples/goblins/goblins-pro_SkeletonData.asset
  artifactKey: Guid(234b5a4a8bd83e94882001cc05a42f2f) Importer(815301076,1909f56bfc062723c751e8b465ee728b)
Start importing Assets/SpineSamples/goblins/goblins-pro_SkeletonData.asset using Guid(234b5a4a8bd83e94882001cc05a42f2f) Importer(815301076,1909f56bfc062723c751e8b465ee728b)  -> (artifact id: '00ee30b4531fb3e582d4f5b68a8b5bfb') in 0.076151 seconds 
  Import took 0.080169 seconds .

========================================================================
Received Import Request.
  Time since last request: 0.000172 seconds.
  path: Assets/SpineSamples/goblins/goblins-pro_Atlas.asset
  artifactKey: Guid(0653f1195aee0434cb6e0e0b5240ea0d) Importer(815301076,1909f56bfc062723c751e8b465ee728b)
Start importing Assets/SpineSamples/goblins/goblins-pro_Atlas.asset using Guid(0653f1195aee0434cb6e0e0b5240ea0d) Importer(815301076,1909f56bfc062723c751e8b465ee728b)  -> (artifact id: '1ebe209592fdc37c42d7a9a282b5f530') in 0.006877 seconds 
  Import took 0.011699 seconds .

========================================================================
Received Import Request.
  Time since last request: 0.000194 seconds.
  path: Assets/SpineSamples/goblins/goblins-pro_Material.mat
  artifactKey: Guid(de5fec50bb8ec274a9176ba74cbc1acd) Importer(815301076,1909f56bfc062723c751e8b465ee728b)
Start importing Assets/SpineSamples/goblins/goblins-pro_Material.mat using Guid(de5fec50bb8ec274a9176ba74cbc1acd) Importer(815301076,1909f56bfc062723c751e8b465ee728b)  -> (artifact id: '37bdc0d17e8e6390995a9f66584180f0') in 0.015069 seconds 
  Import took 0.019029 seconds .

========================================================================
Received Import Request.
  Time since last request: 1.281723 seconds.
  path: Assets/SpineSamples/alien/alien-pro_Atlas.asset
  artifactKey: Guid(cc55a0a9d8ca56943b25c7e87d203021) Importer(815301076,1909f56bfc062723c751e8b465ee728b)
Start importing Assets/SpineSamples/alien/alien-pro_Atlas.asset using Guid(cc55a0a9d8ca56943b25c7e87d203021) Importer(815301076,1909f56bfc062723c751e8b465ee728b)  -> (artifact id: 'a816b46109d244d9a1497ad0112089f2') in 0.006024 seconds 
  Import took 0.012385 seconds .

========================================================================
Received Import Request.
  Time since last request: 0.000185 seconds.
  path: Assets/SpineSamples/alien/alien.asset
  artifactKey: Guid(83b23000fd6a073418c0fb6bd3a98184) Importer(815301076,1909f56bfc062723c751e8b465ee728b)
Start importing Assets/SpineSamples/alien/alien.asset using Guid(83b23000fd6a073418c0fb6bd3a98184) Importer(815301076,1909f56bfc062723c751e8b465ee728b)  -> (artifact id: '9a5be26569dce78ff5325769fdaded3e') in 0.067333 seconds 
  Import took 0.072308 seconds .

========================================================================
Received Import Request.
  Time since last request: 0.000187 seconds.
  path: Assets/SpineSamples/alien/alien-pro_Material.mat
  artifactKey: Guid(1eff7bdd648c3f04abaf1f8be6e8c79d) Importer(815301076,1909f56bfc062723c751e8b465ee728b)
Start importing Assets/SpineSamples/alien/alien-pro_Material.mat using Guid(1eff7bdd648c3f04abaf1f8be6e8c79d) Importer(815301076,1909f56bfc062723c751e8b465ee728b)  -> (artifact id: '4941530bc0e2544f9605b5d0dde2619a') in 0.027631 seconds 
  Import took 0.032564 seconds .

========================================================================
Received Import Request.
  Time since last request: 0.000176 seconds.
  path: Assets/SpineSamples/alien/alien-pro_Material-Additive.mat
  artifactKey: Guid(2e2b87b4bc05daa46ad49c92bdafd65e) Importer(815301076,1909f56bfc062723c751e8b465ee728b)
Start importing Assets/SpineSamples/alien/alien-pro_Material-Additive.mat using Guid(2e2b87b4bc05daa46ad49c92bdafd65e) Importer(815301076,1909f56bfc062723c751e8b465ee728b)  -> (artifact id: '4cd31a93b42d51ced58aa034d762a0ab') in 0.037547 seconds 
  Import took 0.043467 seconds .

========================================================================
Received Import Request.
  Time since last request: 517.855502 seconds.
  path: Assets/Spine Examples/spine-unity-examples.asmdef
  artifactKey: Guid(8f5163e4753269348a069fd2fedcba29) Importer(815301076,1909f56bfc062723c751e8b465ee728b)
Start importing Assets/Spine Examples/spine-unity-examples.asmdef using Guid(8f5163e4753269348a069fd2fedcba29) Importer(815301076,1909f56bfc062723c751e8b465ee728b)  -> (artifact id: 'd0869ce31b88f9f6e70799cfc7f3d10d') in 0.007755 seconds 
  Import took 0.012511 seconds .

========================================================================
Received Import Request.
  Time since last request: 16.130931 seconds.
  path: Assets/SpineSamples/ex/백다영_SD_분철 네이밍.png
  artifactKey: Guid(53e98960318097848aa2a3b5caf0884f) Importer(815301076,1909f56bfc062723c751e8b465ee728b)
Start importing Assets/SpineSamples/ex/백다영_SD_분철 네이밍.png using Guid(53e98960318097848aa2a3b5caf0884f) Importer(815301076,1909f56bfc062723c751e8b465ee728b)  -> (artifact id: '0b94840e00662bce5d0629d720479d09') in 0.016771 seconds 
  Import took 0.022023 seconds .

========================================================================
Received Import Request.
  Time since last request: 0.000188 seconds.
  path: Assets/SpineSamples/ex/백다영_SD_분철 네이밍_Atlas.asset
  artifactKey: Guid(1c5e5b955ffba3a4784a360c99d97451) Importer(815301076,1909f56bfc062723c751e8b465ee728b)
Start importing Assets/SpineSamples/ex/백다영_SD_분철 네이밍_Atlas.asset using Guid(1c5e5b955ffba3a4784a360c99d97451) Importer(815301076,1909f56bfc062723c751e8b465ee728b)  -> (artifact id: 'b90b98b039d7ed01ede22e61dbd55e21') in 0.009564 seconds 
  Import took 0.014821 seconds .

========================================================================
Received Import Request.
  Time since last request: 0.000218 seconds.
  path: Assets/SpineSamples/ex/백다영_SD_분철 네이밍_Material.mat
  artifactKey: Guid(ed82b96b46172194b9c5eaf5517857cd) Importer(815301076,1909f56bfc062723c751e8b465ee728b)
Start importing Assets/SpineSamples/ex/백다영_SD_분철 네이밍_Material.mat using Guid(ed82b96b46172194b9c5eaf5517857cd) Importer(815301076,1909f56bfc062723c751e8b465ee728b)  -> (artifact id: '51d38bee77f2487c0548fb3b6c342d98') in 0.019806 seconds 
  Import took 0.025798 seconds .

========================================================================
Received Import Request.
  Time since last request: 75.605423 seconds.
  path: Assets/SpineSamples/ex/SD_Atlas.asset
  artifactKey: Guid(2c1b00b9b72da57418517eea5e57237a) Importer(815301076,1909f56bfc062723c751e8b465ee728b)
Start importing Assets/SpineSamples/ex/SD_Atlas.asset using Guid(2c1b00b9b72da57418517eea5e57237a) Importer(815301076,1909f56bfc062723c751e8b465ee728b)  -> (artifact id: 'bae54868a438d061fab9a9560887107b') in 0.007853 seconds 
  Import took 0.012270 seconds .

========================================================================
Received Import Request.
  Time since last request: 0.585069 seconds.
  path: Assets/SpineSamples/ex/SD_SkeletonData.asset
  artifactKey: Guid(5f56e5e82b7d04e41910e17fcf34b07f) Importer(815301076,1909f56bfc062723c751e8b465ee728b)
Start importing Assets/SpineSamples/ex/SD_SkeletonData.asset using Guid(5f56e5e82b7d04e41910e17fcf34b07f) Importer(815301076,1909f56bfc062723c751e8b465ee728b) Material is missing texture: SD
UnityEngine.StackTraceUtility:ExtractStackTrace ()
UnityEngine.DebugLogHandler:LogFormat (UnityEngine.LogType,UnityEngine.Object,string,object[])
UnityEngine.Logger:Log (UnityEngine.LogType,object,UnityEngine.Object)
UnityEngine.Debug:LogError (object,UnityEngine.Object)
Spine.Unity.MaterialsTextureLoader:Load (Spine.AtlasPage,string) (at D:/unity/Github/Spine_Unity/Assets/Spine/Runtime/spine-unity/Asset Types/SpineAtlasAsset.cs:222)
Spine.Atlas:Load (System.IO.TextReader,string,Spine.TextureLoader) (at D:/unity/Github/Spine_Unity/Assets/Spine/Runtime/spine-csharp/Atlas.cs:150)
Spine.Atlas:.ctor (System.IO.TextReader,string,Spine.TextureLoader) (at D:/unity/Github/Spine_Unity/Assets/Spine/Runtime/spine-csharp/Atlas.cs:105)
Spine.Unity.SpineAtlasAsset:GetAtlas () (at D:/unity/Github/Spine_Unity/Assets/Spine/Runtime/spine-unity/Asset Types/SpineAtlasAsset.cs:142)
Spine.Unity.Editor.SkeletonDataAssetInspector:PopulateWarnings () (at D:/unity/Github/Spine_Unity/Assets/Spine/Editor/spine-unity/Editor/Asset Types/SkeletonDataAssetInspector.cs:655)
Spine.Unity.Editor.SkeletonDataAssetInspector:InitializeEditor () (at D:/unity/Github/Spine_Unity/Assets/Spine/Editor/spine-unity/Editor/Asset Types/SkeletonDataAssetInspector.cs:141)
Spine.Unity.Editor.SkeletonDataAssetInspector:OnEnable () (at D:/unity/Github/Spine_Unity/Assets/Spine/Editor/spine-unity/Editor/Asset Types/SkeletonDataAssetInspector.cs:84)
UnityEditor.Editor:CreateEditorWithContext (UnityEngine.Object[],UnityEngine.Object,System.Type)
UnityEditor.Editor:CreateEditor (UnityEngine.Object,System.Type)
UnityEditor.Editor:CreateEditor (UnityEngine.Object)
UnityEditor.AssetPreviewUpdater:CreatePreviewForAsset (UnityEngine.Object,UnityEngine.Object[],string)

(Filename: D:/unity/Github/Spine_Unity/Assets/Spine/Runtime/spine-unity/Asset Types/SpineAtlasAsset.cs Line: 222)

Error reading skeleton JSON file for SkeletonData asset: SD_SkeletonData
Unsupported skeleton data, please export with a newer version of Spine.
  at Spine.SkeletonJson.ReadSkeletonData (System.IO.TextReader reader) [0x0122f] in D:\unity\Github\Spine_Unity\Assets\Spine\Runtime\spine-csharp\SkeletonJson.cs:372 
  at Spine.Unity.SkeletonDataAsset.ReadSkeletonData (System.String text, Spine.AttachmentLoader attachmentLoader, System.Single scale) [0x00014] in D:\unity\Github\Spine_Unity\Assets\Spine\Runtime\spine-unity\Asset Types\SkeletonDataAsset.cs:258 
  at Spine.Unity.SkeletonDataAsset.GetSkeletonData (System.Boolean quiet) [0x0009d] in D:\unity\Github\Spine_Unity\Assets\Spine\Runtime\spine-unity\Asset Types\SkeletonDataAsset.cs:173 
UnityEngine.StackTraceUtility:ExtractStackTrace ()
UnityEngine.DebugLogHandler:LogFormat (UnityEngine.LogType,UnityEngine.Object,string,object[])
UnityEngine.Logger:Log (UnityEngine.LogType,object,UnityEngine.Object)
UnityEngine.Debug:LogError (object,UnityEngine.Object)
Spine.Unity.SkeletonDataAsset:GetSkeletonData (bool) (at D:/unity/Github/Spine_Unity/Assets/Spine/Runtime/spine-unity/Asset Types/SkeletonDataAsset.cs:176)
Spine.Unity.Editor.SkeletonDataAssetInspector:InitializeEditor () (at D:/unity/Github/Spine_Unity/Assets/Spine/Editor/spine-unity/Editor/Asset Types/SkeletonDataAssetInspector.cs:147)
Spine.Unity.Editor.SkeletonDataAssetInspector:OnEnable () (at D:/unity/Github/Spine_Unity/Assets/Spine/Editor/spine-unity/Editor/Asset Types/SkeletonDataAssetInspector.cs:84)
UnityEditor.Editor:CreateEditorWithContext (UnityEngine.Object[],UnityEngine.Object,System.Type)
UnityEditor.Editor:CreateEditor (UnityEngine.Object,System.Type)
UnityEditor.Editor:CreateEditor (UnityEngine.Object)
UnityEditor.AssetPreviewUpdater:CreatePreviewForAsset (UnityEngine.Object,UnityEngine.Object[],string)

(Filename: D:/unity/Github/Spine_Unity/Assets/Spine/Runtime/spine-unity/Asset Types/SkeletonDataAsset.cs Line: 176)

 -> (artifact id: '7b89807bbf4bbea41b911883b1f3b75d') in 0.024563 seconds 
  Import took 0.028945 seconds .

========================================================================
Received Import Request.
  Time since last request: 141.743608 seconds.
  path: Assets/SpineSamples/alien/alien-pro.json
  artifactKey: Guid(32f93dadbd5d6434393c1a0d4accc6a4) Importer(815301076,1909f56bfc062723c751e8b465ee728b)
Start importing Assets/SpineSamples/alien/alien-pro.json using Guid(32f93dadbd5d6434393c1a0d4accc6a4) Importer(815301076,1909f56bfc062723c751e8b465ee728b)  -> (artifact id: '1448f35ac0146e695102eb79b4697288') in 0.012898 seconds 
  Import took 0.017277 seconds .

========================================================================
Received Import Request.
  Time since last request: 34.559613 seconds.
  path: Assets/SpineSamples/ex/SD_Atlas.asset
  artifactKey: Guid(2c1b00b9b72da57418517eea5e57237a) Importer(815301076,1909f56bfc062723c751e8b465ee728b)
Start importing Assets/SpineSamples/ex/SD_Atlas.asset using Guid(2c1b00b9b72da57418517eea5e57237a) Importer(815301076,1909f56bfc062723c751e8b465ee728b)  -> (artifact id: '28088bbd3c611bfb9944dfe14d1fb0ad') in 0.003344 seconds 
  Import took 0.010554 seconds .

========================================================================
Received Import Request.
  Time since last request: 1.885706 seconds.
  path: Assets/SpineSamples/ex/SD.json.txt
  artifactKey: Guid(c8a7ff9727bb69a4db993fd4a3f10fc4) Importer(815301076,1909f56bfc062723c751e8b465ee728b)
Start importing Assets/SpineSamples/ex/SD.json.txt using Guid(c8a7ff9727bb69a4db993fd4a3f10fc4) Importer(815301076,1909f56bfc062723c751e8b465ee728b)  -> (artifact id: '7aa36c3a807dd2738ea9e789d57fb213') in 0.006820 seconds 
  Import took 0.012037 seconds .

========================================================================
Received Import Request.
  Time since last request: 0.825757 seconds.
  path: Assets/SpineSamples/ex/SD.png
  artifactKey: Guid(d5160e09442897745aa280409922cce5) Importer(815301076,1909f56bfc062723c751e8b465ee728b)
Start importing Assets/SpineSamples/ex/SD.png using Guid(d5160e09442897745aa280409922cce5) Importer(815301076,1909f56bfc062723c751e8b465ee728b)  -> (artifact id: '542504c683c894097198b9f4617ebb03') in 0.015724 seconds 
  Import took 0.022171 seconds .

========================================================================
Received Import Request.
  Time since last request: 13.956948 seconds.
  path: Assets/SpineSamples/ex/SD.asset
  artifactKey: Guid(41ae0873dd07b6940869b3e739de8358) Importer(815301076,1909f56bfc062723c751e8b465ee728b)
Start importing Assets/SpineSamples/ex/SD.asset using Guid(41ae0873dd07b6940869b3e739de8358) Importer(815301076,1909f56bfc062723c751e8b465ee728b)  -> (artifact id: 'de92e3943861799560b46a79310b7618') in 0.007176 seconds 
  Import took 0.013317 seconds .

========================================================================
Received Import Request.
  Time since last request: 1.522663 seconds.
  path: Assets/SpineSamples/ex/SD.atlas.txt
  artifactKey: Guid(b03c0d70699fc874dac862d3212c7ba9) Importer(815301076,1909f56bfc062723c751e8b465ee728b)
Start importing Assets/SpineSamples/ex/SD.atlas.txt using Guid(b03c0d70699fc874dac862d3212c7ba9) Importer(815301076,1909f56bfc062723c751e8b465ee728b)  -> (artifact id: '7b413befc6c30e9332d9fd42c1be2097') in 0.007812 seconds 
  Import took 0.013104 seconds .

========================================================================
Received Import Request.
  Time since last request: 286.268699 seconds.
  path: Assets/SpineSamples/ex/New SkeletonDataAsset.asset
  artifactKey: Guid(5ae88b0d37feec041ad8905f6f46d441) Importer(815301076,1909f56bfc062723c751e8b465ee728b)
Start importing Assets/SpineSamples/ex/New SkeletonDataAsset.asset using Guid(5ae88b0d37feec041ad8905f6f46d441) Importer(815301076,1909f56bfc062723c751e8b465ee728b)  -> (artifact id: 'b26cc94000e9c138875d1b0f11bc44db') in 0.007511 seconds 
  Import took 0.013620 seconds .

========================================================================
Received Import Request.
  Time since last request: 119.420956 seconds.
  path: Assets/SpineSamples/ex/SD.json
  artifactKey: Guid(39dcdcd3061e8de4eabfa29614fe5aa4) Importer(815301076,1909f56bfc062723c751e8b465ee728b)
Start importing Assets/SpineSamples/ex/SD.json using Guid(39dcdcd3061e8de4eabfa29614fe5aa4) Importer(815301076,1909f56bfc062723c751e8b465ee728b)  -> (artifact id: '22271a6c195e74bdb5c35f96ad0283f8') in 0.002730 seconds 
  Import took 0.008389 seconds .

========================================================================
Received Import Request.
  Time since last request: 23.609069 seconds.
  path: Assets/SpineSamples/ex/SD.json.txt
  artifactKey: Guid(c8a7ff9727bb69a4db993fd4a3f10fc4) Importer(815301076,1909f56bfc062723c751e8b465ee728b)
Start importing Assets/SpineSamples/ex/SD.json.txt using Guid(c8a7ff9727bb69a4db993fd4a3f10fc4) Importer(815301076,1909f56bfc062723c751e8b465ee728b)  -> (artifact id: 'a7b673659767618573f9b0ca5250d99b') in 0.002939 seconds 
  Import took 0.008502 seconds .

========================================================================
Received Import Request.
  Time since last request: 30.406366 seconds.
  path: Assets/SpineSamples/ex 1
  artifactKey: Guid(867e39af9ae11ee44a9572cd71779769) Importer(815301076,1909f56bfc062723c751e8b465ee728b)
Start importing Assets/SpineSamples/ex 1 using Guid(867e39af9ae11ee44a9572cd71779769) Importer(815301076,1909f56bfc062723c751e8b465ee728b)  -> (artifact id: '349c2e73535de635df40355662f4df1e') in 0.008665 seconds 
  Import took 0.013404 seconds .

========================================================================
Received Import Request.
  Time since last request: 137.826242 seconds.
  path: Assets/SpineSamples/rr
  artifactKey: Guid(c309a55cba075ce48a4ab3fcee927f11) Importer(815301076,1909f56bfc062723c751e8b465ee728b)
Start importing Assets/SpineSamples/rr using Guid(c309a55cba075ce48a4ab3fcee927f11) Importer(815301076,1909f56bfc062723c751e8b465ee728b)  -> (artifact id: '7cf578898423946d1c63394eab49e8e2') in 0.006636 seconds 
  Import took 0.011850 seconds .

========================================================================
Received Import Request.
  Time since last request: 1.424273 seconds.
  path: Assets/SpineSamples/rr/SD_SkeletonData.asset
  artifactKey: Guid(4fd33b42fb7e1784b98b945f3a78d460) Importer(815301076,1909f56bfc062723c751e8b465ee728b)
Start importing Assets/SpineSamples/rr/SD_SkeletonData.asset using Guid(4fd33b42fb7e1784b98b945f3a78d460) Importer(815301076,1909f56bfc062723c751e8b465ee728b) Error reading skeleton JSON file for SkeletonData asset: SD_SkeletonData
Unsupported skeleton data, please export with a newer version of Spine.
  at Spine.SkeletonJson.ReadSkeletonData (System.IO.TextReader reader) [0x0122f] in D:\unity\Github\Spine_Unity\Assets\Spine\Runtime\spine-csharp\SkeletonJson.cs:372 
  at Spine.Unity.SkeletonDataAsset.ReadSkeletonData (System.String text, Spine.AttachmentLoader attachmentLoader, System.Single scale) [0x00014] in D:\unity\Github\Spine_Unity\Assets\Spine\Runtime\spine-unity\Asset Types\SkeletonDataAsset.cs:258 
  at Spine.Unity.SkeletonDataAsset.GetSkeletonData (System.Boolean quiet) [0x0009d] in D:\unity\Github\Spine_Unity\Assets\Spine\Runtime\spine-unity\Asset Types\SkeletonDataAsset.cs:173 
UnityEngine.StackTraceUtility:ExtractStackTrace ()
UnityEngine.DebugLogHandler:LogFormat (UnityEngine.LogType,UnityEngine.Object,string,object[])
UnityEngine.Logger:Log (UnityEngine.LogType,object,UnityEngine.Object)
UnityEngine.Debug:LogError (object,UnityEngine.Object)
Spine.Unity.SkeletonDataAsset:GetSkeletonData (bool) (at D:/unity/Github/Spine_Unity/Assets/Spine/Runtime/spine-unity/Asset Types/SkeletonDataAsset.cs:176)
Spine.Unity.Editor.SkeletonDataAssetInspector:InitializeEditor () (at D:/unity/Github/Spine_Unity/Assets/Spine/Editor/spine-unity/Editor/Asset Types/SkeletonDataAssetInspector.cs:147)
Spine.Unity.Editor.SkeletonDataAssetInspector:OnEnable () (at D:/unity/Github/Spine_Unity/Assets/Spine/Editor/spine-unity/Editor/Asset Types/SkeletonDataAssetInspector.cs:84)
UnityEditor.Editor:CreateEditorWithContext (UnityEngine.Object[],UnityEngine.Object,System.Type)
UnityEditor.Editor:CreateEditor (UnityEngine.Object,System.Type)
UnityEditor.Editor:CreateEditor (UnityEngine.Object)
UnityEditor.AssetPreviewUpdater:CreatePreviewForAsset (UnityEngine.Object,UnityEngine.Object[],string)

(Filename: D:/unity/Github/Spine_Unity/Assets/Spine/Runtime/spine-unity/Asset Types/SkeletonDataAsset.cs Line: 176)

 -> (artifact id: '31ccda5f20d347c2dea49b9d84c6dc97') in 0.022188 seconds 
  Import took 0.027329 seconds .

========================================================================
Received Import Request.
  Time since last request: 145.713411 seconds.
  path: Assets/SpineSamples/ex/스파인SD -오성현_SkeletonData.asset
  artifactKey: Guid(6331db215467aa746b269b25f2c67a12) Importer(815301076,1909f56bfc062723c751e8b465ee728b)
Start importing Assets/SpineSamples/ex/스파인SD -오성현_SkeletonData.asset using Guid(6331db215467aa746b269b25f2c67a12) Importer(815301076,1909f56bfc062723c751e8b465ee728b) Error reading skeleton JSON file for SkeletonData asset: 스파인SD -오성현_SkeletonData
Unsupported skeleton data, please export with a newer version of Spine.
  at Spine.SkeletonJson.ReadSkeletonData (System.IO.TextReader reader) [0x0122f] in D:\unity\Github\Spine_Unity\Assets\Spine\Runtime\spine-csharp\SkeletonJson.cs:372 
  at Spine.Unity.SkeletonDataAsset.ReadSkeletonData (System.String text, Spine.AttachmentLoader attachmentLoader, System.Single scale) [0x00014] in D:\unity\Github\Spine_Unity\Assets\Spine\Runtime\spine-unity\Asset Types\SkeletonDataAsset.cs:258 
  at Spine.Unity.SkeletonDataAsset.GetSkeletonData (System.Boolean quiet) [0x0009d] in D:\unity\Github\Spine_Unity\Assets\Spine\Runtime\spine-unity\Asset Types\SkeletonDataAsset.cs:173 
UnityEngine.StackTraceUtility:ExtractStackTrace ()
UnityEngine.DebugLogHandler:LogFormat (UnityEngine.LogType,UnityEngine.Object,string,object[])
UnityEngine.Logger:Log (UnityEngine.LogType,object,UnityEngine.Object)
UnityEngine.Debug:LogError (object,UnityEngine.Object)
Spine.Unity.SkeletonDataAsset:GetSkeletonData (bool) (at D:/unity/Github/Spine_Unity/Assets/Spine/Runtime/spine-unity/Asset Types/SkeletonDataAsset.cs:176)
Spine.Unity.Editor.SkeletonDataAssetInspector:InitializeEditor () (at D:/unity/Github/Spine_Unity/Assets/Spine/Editor/spine-unity/Editor/Asset Types/SkeletonDataAssetInspector.cs:147)
Spine.Unity.Editor.SkeletonDataAssetInspector:OnEnable () (at D:/unity/Github/Spine_Unity/Assets/Spine/Editor/spine-unity/Editor/Asset Types/SkeletonDataAssetInspector.cs:84)
UnityEditor.Editor:CreateEditorWithContext (UnityEngine.Object[],UnityEngine.Object,System.Type)
UnityEditor.Editor:CreateEditor (UnityEngine.Object,System.Type)
UnityEditor.Editor:CreateEditor (UnityEngine.Object)
UnityEditor.AssetPreviewUpdater:CreatePreviewForAsset (UnityEngine.Object,UnityEngine.Object[],string)

(Filename: D:/unity/Github/Spine_Unity/Assets/Spine/Runtime/spine-unity/Asset Types/SkeletonDataAsset.cs Line: 176)

 -> (artifact id: '754e9b6af0cf8333198f113164446065') in 0.102206 seconds 
  Import took 0.111763 seconds .

